<?xml version="1.0" encoding="UTF-8"?>
<!-- Generated by org.testng.reporters.JUnitReportReporter -->
<testsuite skipped="0" hostname="siddhartha" name="features.Annotations" tests="2" failures="0" timestamp="13 Sep 2018 18:16:50 GMT" time="0.014" errors="0">
  <testcase name="actualtest2" time="0.004" classname="features.Annotations"/>
  <testcase name="actualtest1" time="0.010" classname="features.Annotations"/>
</testsuite> <!-- features.Annotations -->
