<?xml version="1.0" encoding="UTF-8"?>
<!-- Generated by org.testng.reporters.JUnitReportReporter -->
<testsuite skipped="0" hostname="siddhartha" name="features.Invocationcount" tests="100" failures="0" timestamp="13 Sep 2018 18:16:50 GMT" time="0.333" errors="0">
  <testcase name="invoke" time="0.004" classname="features.Invocationcount"/>
  <testcase name="invoke" time="0.002" classname="features.Invocationcount"/>
  <testcase name="invoke" time="0.011" classname="features.Invocationcount"/>
  <testcase name="invoke" time="0.002" classname="features.Invocationcount"/>
  <testcase name="invoke" time="0.002" classname="features.Invocationcount"/>
  <testcase name="invoke" time="0.010" classname="features.Invocationcount"/>
  <testcase name="invoke" time="0.001" classname="features.Invocationcount"/>
  <testcase name="invoke" time="0.003" classname="features.Invocationcount"/>
  <testcase name="invoke" time="0.002" classname="features.Invocationcount"/>
  <testcase name="invoke" time="0.001" classname="features.Invocationcount"/>
  <testcase name="invoke" time="0.002" classname="features.Invocationcount"/>
  <testcase name="invoke" time="0.007" classname="features.Invocationcount"/>
  <testcase name="invoke" time="0.004" classname="features.Invocationcount"/>
  <testcase name="invoke" time="0.001" classname="features.Invocationcount"/>
  <testcase name="invoke" time="0.001" classname="features.Invocationcount"/>
  <testcase name="invoke" time="0.003" classname="features.Invocationcount"/>
  <testcase name="invoke" time="0.003" classname="features.Invocationcount"/>
  <testcase name="invoke" time="0.002" classname="features.Invocationcount"/>
  <testcase name="invoke" time="0.005" classname="features.Invocationcount"/>
  <testcase name="invoke" time="0.007" classname="features.Invocationcount"/>
  <testcase name="invoke" time="0.003" classname="features.Invocationcount"/>
  <testcase name="invoke" time="0.001" classname="features.Invocationcount"/>
  <testcase name="invoke" time="0.004" classname="features.Invocationcount"/>
  <testcase name="invoke" time="0.001" classname="features.Invocationcount"/>
  <testcase name="invoke" time="0.002" classname="features.Invocationcount"/>
  <testcase name="invoke" time="0.003" classname="features.Invocationcount"/>
  <testcase name="invoke" time="0.003" classname="features.Invocationcount"/>
  <testcase name="invoke" time="0.003" classname="features.Invocationcount"/>
  <testcase name="invoke" time="0.024" classname="features.Invocationcount"/>
  <testcase name="invoke" time="0.002" classname="features.Invocationcount"/>
  <testcase name="invoke" time="0.002" classname="features.Invocationcount"/>
  <testcase name="invoke" time="0.003" classname="features.Invocationcount"/>
  <testcase name="invoke" time="0.001" classname="features.Invocationcount"/>
  <testcase name="invoke" time="0.002" classname="features.Invocationcount"/>
  <testcase name="invoke" time="0.014" classname="features.Invocationcount"/>
  <testcase name="invoke" time="0.003" classname="features.Invocationcount"/>
  <testcase name="invoke" time="0.002" classname="features.Invocationcount"/>
  <testcase name="invoke" time="0.000" classname="features.Invocationcount"/>
  <testcase name="invoke" time="0.002" classname="features.Invocationcount"/>
  <testcase name="invoke" time="0.002" classname="features.Invocationcount"/>
  <testcase name="invoke" time="0.001" classname="features.Invocationcount"/>
  <testcase name="invoke" time="0.003" classname="features.Invocationcount"/>
  <testcase name="invoke" time="0.003" classname="features.Invocationcount"/>
  <testcase name="invoke" time="0.002" classname="features.Invocationcount"/>
  <testcase name="invoke" time="0.002" classname="features.Invocationcount"/>
  <testcase name="invoke" time="0.004" classname="features.Invocationcount"/>
  <testcase name="invoke" time="0.002" classname="features.Invocationcount"/>
  <testcase name="invoke" time="0.001" classname="features.Invocationcount"/>
  <testcase name="invoke" time="0.002" classname="features.Invocationcount"/>
  <testcase name="invoke" time="0.002" classname="features.Invocationcount"/>
  <testcase name="invoke" time="0.002" classname="features.Invocationcount"/>
  <testcase name="invoke" time="0.003" classname="features.Invocationcount"/>
  <testcase name="invoke" time="0.001" classname="features.Invocationcount"/>
  <testcase name="invoke" time="0.004" classname="features.Invocationcount"/>
  <testcase name="invoke" time="0.001" classname="features.Invocationcount"/>
  <testcase name="invoke" time="0.003" classname="features.Invocationcount"/>
  <testcase name="invoke" time="0.007" classname="features.Invocationcount"/>
  <testcase name="invoke" time="0.003" classname="features.Invocationcount"/>
  <testcase name="invoke" time="0.006" classname="features.Invocationcount"/>
  <testcase name="invoke" time="0.007" classname="features.Invocationcount"/>
  <testcase name="invoke" time="0.007" classname="features.Invocationcount"/>
  <testcase name="invoke" time="0.006" classname="features.Invocationcount"/>
  <testcase name="invoke" time="0.003" classname="features.Invocationcount"/>
  <testcase name="invoke" time="0.001" classname="features.Invocationcount"/>
  <testcase name="invoke" time="0.010" classname="features.Invocationcount"/>
  <testcase name="invoke" time="0.000" classname="features.Invocationcount"/>
  <testcase name="invoke" time="0.002" classname="features.Invocationcount"/>
  <testcase name="invoke" time="0.001" classname="features.Invocationcount"/>
  <testcase name="invoke" time="0.002" classname="features.Invocationcount"/>
  <testcase name="invoke" time="0.004" classname="features.Invocationcount"/>
  <testcase name="invoke" time="0.002" classname="features.Invocationcount"/>
  <testcase name="invoke" time="0.004" classname="features.Invocationcount"/>
  <testcase name="invoke" time="0.010" classname="features.Invocationcount"/>
  <testcase name="invoke" time="0.002" classname="features.Invocationcount"/>
  <testcase name="invoke" time="0.001" classname="features.Invocationcount"/>
  <testcase name="invoke" time="0.002" classname="features.Invocationcount"/>
  <testcase name="invoke" time="0.003" classname="features.Invocationcount"/>
  <testcase name="invoke" time="0.001" classname="features.Invocationcount"/>
  <testcase name="invoke" time="0.003" classname="features.Invocationcount"/>
  <testcase name="invoke" time="0.001" classname="features.Invocationcount"/>
  <testcase name="invoke" time="0.006" classname="features.Invocationcount"/>
  <testcase name="invoke" time="0.002" classname="features.Invocationcount"/>
  <testcase name="invoke" time="0.001" classname="features.Invocationcount"/>
  <testcase name="invoke" time="0.003" classname="features.Invocationcount"/>
  <testcase name="invoke" time="0.001" classname="features.Invocationcount"/>
  <testcase name="invoke" time="0.012" classname="features.Invocationcount"/>
  <testcase name="invoke" time="0.001" classname="features.Invocationcount"/>
  <testcase name="invoke" time="0.001" classname="features.Invocationcount"/>
  <testcase name="invoke" time="0.001" classname="features.Invocationcount"/>
  <testcase name="invoke" time="0.001" classname="features.Invocationcount"/>
  <testcase name="invoke" time="0.001" classname="features.Invocationcount"/>
  <testcase name="invoke" time="0.002" classname="features.Invocationcount"/>
  <testcase name="invoke" time="0.001" classname="features.Invocationcount"/>
  <testcase name="invoke" time="0.008" classname="features.Invocationcount"/>
  <testcase name="invoke" time="0.001" classname="features.Invocationcount"/>
  <testcase name="invoke" time="0.001" classname="features.Invocationcount"/>
  <testcase name="invoke" time="0.007" classname="features.Invocationcount"/>
  <testcase name="invoke" time="0.004" classname="features.Invocationcount"/>
  <testcase name="invoke" time="0.002" classname="features.Invocationcount"/>
  <testcase name="invoke" time="0.003" classname="features.Invocationcount"/>
</testsuite> <!-- features.Invocationcount -->
