<?xml version="1.0" encoding="UTF-8"?>
<!-- Generated by org.testng.reporters.JUnitReportReporter -->
<testsuite skipped="0" hostname="siddhartha" name="features.Parameterization" tests="1" failures="0" timestamp="13 Sep 2018 18:15:46 GMT" time="0.017" errors="0">
  <testcase name="parametervalue" time="0.017" classname="features.Parameterization"/>
</testsuite> <!-- features.Parameterization -->
