<?xml version="1.0" encoding="UTF-8"?>
<!-- Generated by org.testng.reporters.JUnitReportReporter -->
<testsuite skipped="0" hostname="siddhartha" name="features.Grouping" tests="4" failures="0" timestamp="13 Sep 2018 18:16:50 GMT" time="0.007" errors="0">
  <testcase name="one" time="0.003" classname="features.Grouping"/>
  <testcase name="two" time="0.002" classname="features.Grouping"/>
  <testcase name="four" time="0.001" classname="features.Grouping"/>
  <testcase name="three" time="0.001" classname="features.Grouping"/>
</testsuite> <!-- features.Grouping -->
