<?xml version="1.0" encoding="UTF-8"?>
<!-- Generated by org.testng.reporters.JUnitReportReporter -->
<testsuite skipped="0" hostname="siddhartha" name="parallal_execution.method_parallal" tests="4" failures="0" timestamp="13 Sep 2018 18:27:18 GMT" time="0.023" errors="0">
  <testcase name="two" time="0.003" classname="parallal_execution.method_parallal"/>
  <testcase name="one" time="0.002" classname="parallal_execution.method_parallal"/>
  <testcase name="four" time="0.016" classname="parallal_execution.method_parallal"/>
  <testcase name="three" time="0.002" classname="parallal_execution.method_parallal"/>
</testsuite> <!-- parallal_execution.method_parallal -->
