<?xml version="1.0" encoding="UTF-8"?>
<!-- Generated by org.testng.reporters.JUnitReportReporter -->
<testsuite skipped="0" hostname="siddhartha" name="features.Priority" tests="4" failures="0" timestamp="13 Sep 2018 18:16:50 GMT" time="0.021" errors="0">
  <testcase name="one" time="0.002" classname="features.Priority"/>
  <testcase name="two" time="0.018" classname="features.Priority"/>
  <testcase name="three" time="0.001" classname="features.Priority"/>
  <testcase name="four" time="0.000" classname="features.Priority"/>
</testsuite> <!-- features.Priority -->
